2019-11-12 00:25:41,699 INFO 62868 [egg-schedule]: register schedule /Users/lirunkai/Documents/website/server/node_modules/egg-multipart/app/schedule/clean_tmpdir.js
2019-11-12 00:25:41,700 INFO 62868 [egg-schedule]: register schedule /Users/lirunkai/Documents/website/server/node_modules/egg-logrotator/app/schedule/clean_log.js
2019-11-12 00:25:41,700 INFO 62868 [egg-schedule]: register schedule /Users/lirunkai/Documents/website/server/node_modules/egg-logrotator/app/schedule/rotate_by_file.js
2019-11-12 00:25:42,726 INFO 62875 [egg-schedule]: register schedule /Users/lirunkai/Documents/website/server/node_modules/egg-multipart/app/schedule/clean_tmpdir.js
2019-11-12 00:25:42,726 INFO 62875 [egg-schedule]: register schedule /Users/lirunkai/Documents/website/server/node_modules/egg-logrotator/app/schedule/clean_log.js
2019-11-12 00:25:42,726 INFO 62875 [egg-schedule]: register schedule /Users/lirunkai/Documents/website/server/node_modules/egg-logrotator/app/schedule/rotate_by_file.js
2019-11-12 00:25:48,726 INFO 62913 [egg-schedule]: register schedule /Users/lirunkai/Documents/website/server/node_modules/egg-multipart/app/schedule/clean_tmpdir.js
2019-11-12 00:25:48,726 INFO 62913 [egg-schedule]: register schedule /Users/lirunkai/Documents/website/server/node_modules/egg-logrotator/app/schedule/clean_log.js
2019-11-12 00:25:48,726 INFO 62913 [egg-schedule]: register schedule /Users/lirunkai/Documents/website/server/node_modules/egg-logrotator/app/schedule/rotate_by_file.js
2019-11-12 00:25:50,564 INFO 62923 [egg-schedule]: register schedule /Users/lirunkai/Documents/website/server/node_modules/egg-multipart/app/schedule/clean_tmpdir.js
2019-11-12 00:25:50,564 INFO 62923 [egg-schedule]: register schedule /Users/lirunkai/Documents/website/server/node_modules/egg-logrotator/app/schedule/clean_log.js
2019-11-12 00:25:50,564 INFO 62923 [egg-schedule]: register schedule /Users/lirunkai/Documents/website/server/node_modules/egg-logrotator/app/schedule/rotate_by_file.js
2019-11-12 00:26:01,964 INFO 62962 [egg-schedule]: register schedule /Users/lirunkai/Documents/website/server/node_modules/egg-multipart/app/schedule/clean_tmpdir.js
2019-11-12 00:26:01,964 INFO 62962 [egg-schedule]: register schedule /Users/lirunkai/Documents/website/server/node_modules/egg-logrotator/app/schedule/clean_log.js
2019-11-12 00:26:01,964 INFO 62962 [egg-schedule]: register schedule /Users/lirunkai/Documents/website/server/node_modules/egg-logrotator/app/schedule/rotate_by_file.js
2019-11-12 00:26:05,931 INFO 62978 [egg-schedule]: register schedule /Users/lirunkai/Documents/website/server/node_modules/egg-multipart/app/schedule/clean_tmpdir.js
2019-11-12 00:26:05,931 INFO 62978 [egg-schedule]: register schedule /Users/lirunkai/Documents/website/server/node_modules/egg-logrotator/app/schedule/clean_log.js
2019-11-12 00:26:05,931 INFO 62978 [egg-schedule]: register schedule /Users/lirunkai/Documents/website/server/node_modules/egg-logrotator/app/schedule/rotate_by_file.js
2019-11-12 00:26:10,258 INFO 62996 [egg-schedule]: register schedule /Users/lirunkai/Documents/website/server/node_modules/egg-multipart/app/schedule/clean_tmpdir.js
2019-11-12 00:26:10,258 INFO 62996 [egg-schedule]: register schedule /Users/lirunkai/Documents/website/server/node_modules/egg-logrotator/app/schedule/clean_log.js
2019-11-12 00:26:10,258 INFO 62996 [egg-schedule]: register schedule /Users/lirunkai/Documents/website/server/node_modules/egg-logrotator/app/schedule/rotate_by_file.js
2019-11-12 00:26:14,879 INFO 63020 [egg-schedule]: register schedule /Users/lirunkai/Documents/website/server/node_modules/egg-multipart/app/schedule/clean_tmpdir.js
2019-11-12 00:26:14,879 INFO 63020 [egg-schedule]: register schedule /Users/lirunkai/Documents/website/server/node_modules/egg-logrotator/app/schedule/clean_log.js
2019-11-12 00:26:14,879 INFO 63020 [egg-schedule]: register schedule /Users/lirunkai/Documents/website/server/node_modules/egg-logrotator/app/schedule/rotate_by_file.js
2019-11-12 00:26:18,369 INFO 63031 [egg-schedule]: register schedule /Users/lirunkai/Documents/website/server/node_modules/egg-multipart/app/schedule/clean_tmpdir.js
2019-11-12 00:26:18,369 INFO 63031 [egg-schedule]: register schedule /Users/lirunkai/Documents/website/server/node_modules/egg-logrotator/app/schedule/clean_log.js
2019-11-12 00:26:18,369 INFO 63031 [egg-schedule]: register schedule /Users/lirunkai/Documents/website/server/node_modules/egg-logrotator/app/schedule/rotate_by_file.js
2019-11-12 00:26:20,756 INFO 63049 [egg-schedule]: register schedule /Users/lirunkai/Documents/website/server/node_modules/egg-multipart/app/schedule/clean_tmpdir.js
2019-11-12 00:26:20,756 INFO 63049 [egg-schedule]: register schedule /Users/lirunkai/Documents/website/server/node_modules/egg-logrotator/app/schedule/clean_log.js
2019-11-12 00:26:20,756 INFO 63049 [egg-schedule]: register schedule /Users/lirunkai/Documents/website/server/node_modules/egg-logrotator/app/schedule/rotate_by_file.js
2019-11-12 00:26:24,866 INFO 63073 [egg-schedule]: register schedule /Users/lirunkai/Documents/website/server/node_modules/egg-multipart/app/schedule/clean_tmpdir.js
2019-11-12 00:26:24,867 INFO 63073 [egg-schedule]: register schedule /Users/lirunkai/Documents/website/server/node_modules/egg-logrotator/app/schedule/clean_log.js
2019-11-12 00:26:24,867 INFO 63073 [egg-schedule]: register schedule /Users/lirunkai/Documents/website/server/node_modules/egg-logrotator/app/schedule/rotate_by_file.js
2019-11-12 00:26:33,911 INFO 63104 [egg-schedule]: register schedule /Users/lirunkai/Documents/website/server/node_modules/egg-multipart/app/schedule/clean_tmpdir.js
2019-11-12 00:26:33,911 INFO 63104 [egg-schedule]: register schedule /Users/lirunkai/Documents/website/server/node_modules/egg-logrotator/app/schedule/clean_log.js
2019-11-12 00:26:33,911 INFO 63104 [egg-schedule]: register schedule /Users/lirunkai/Documents/website/server/node_modules/egg-logrotator/app/schedule/rotate_by_file.js
2019-11-12 00:26:37,656 INFO 63125 [egg-schedule]: register schedule /Users/lirunkai/Documents/website/server/node_modules/egg-multipart/app/schedule/clean_tmpdir.js
2019-11-12 00:26:37,656 INFO 63125 [egg-schedule]: register schedule /Users/lirunkai/Documents/website/server/node_modules/egg-logrotator/app/schedule/clean_log.js
2019-11-12 00:26:37,656 INFO 63125 [egg-schedule]: register schedule /Users/lirunkai/Documents/website/server/node_modules/egg-logrotator/app/schedule/rotate_by_file.js
2019-11-12 00:27:15,806 INFO 63196 [egg-schedule]: register schedule /Users/lirunkai/Documents/website/server/node_modules/egg-multipart/app/schedule/clean_tmpdir.js
2019-11-12 00:27:15,806 INFO 63196 [egg-schedule]: register schedule /Users/lirunkai/Documents/website/server/node_modules/egg-logrotator/app/schedule/clean_log.js
2019-11-12 00:27:15,806 INFO 63196 [egg-schedule]: register schedule /Users/lirunkai/Documents/website/server/node_modules/egg-logrotator/app/schedule/rotate_by_file.js
2019-11-12 00:27:16,096 INFO 63193 [Timer] /Users/lirunkai/Documents/website/server/node_modules/egg-multipart/app/schedule/clean_tmpdir.js next time will execute after 14563906ms at 2019-11-12 04:30:00.002
2019-11-12 00:27:16,097 INFO 63193 [Timer] /Users/lirunkai/Documents/website/server/node_modules/egg-logrotator/app/schedule/clean_log.js next time will execute after 84763904ms at 2019-11-13 00:00:00.001
2019-11-12 00:27:16,098 INFO 63193 [Timer] /Users/lirunkai/Documents/website/server/node_modules/egg-logrotator/app/schedule/rotate_by_file.js next time will execute after 84764903ms at 2019-11-13 00:00:01.001
2019-11-12 00:27:28,529 INFO 63220 [egg-schedule]: register schedule /Users/lirunkai/Documents/website/server/node_modules/egg-multipart/app/schedule/clean_tmpdir.js
2019-11-12 00:27:28,529 INFO 63220 [egg-schedule]: register schedule /Users/lirunkai/Documents/website/server/node_modules/egg-logrotator/app/schedule/clean_log.js
2019-11-12 00:27:28,529 INFO 63220 [egg-schedule]: register schedule /Users/lirunkai/Documents/website/server/node_modules/egg-logrotator/app/schedule/rotate_by_file.js
2019-11-12 00:27:29,977 INFO 63240 [egg-schedule]: register schedule /Users/lirunkai/Documents/website/server/node_modules/egg-multipart/app/schedule/clean_tmpdir.js
2019-11-12 00:27:29,977 INFO 63240 [egg-schedule]: register schedule /Users/lirunkai/Documents/website/server/node_modules/egg-logrotator/app/schedule/clean_log.js
2019-11-12 00:27:29,977 INFO 63240 [egg-schedule]: register schedule /Users/lirunkai/Documents/website/server/node_modules/egg-logrotator/app/schedule/rotate_by_file.js
