2019-11-12 00:00:01,079 INFO 55695 [egg-logrotator] app logger reload: got log-reload message
2019-11-12 00:25:41,669 INFO 62868 [egg:logger] init all loggers with options: {"dir":"/Users/lirunkai/Documents/website/server/logs/server","encoding":"utf8","env":"local","level":"INFO","consoleLevel":"INFO","disableConsoleAfterReady":false,"outputJSON":false,"buffer":true,"appLogName":"server-web.log","coreLogName":"egg-web.log","agentLogName":"egg-agent.log","errorLogName":"common-error.log","coreLogger":{"consoleLevel":"WARN"},"allowDebugAtProd":false,"type":"application"}
2019-11-12 00:25:41,700 INFO 62868 [egg-multipart] file mode enable
2019-11-12 00:25:41,700 INFO 62868 [egg-multipart] will save temporary files to "/var/folders/ft/dwy4mw895mj7f2c6dl17qry00000gn/T/egg-multipart-tmp/server", cleanup job cron: "0 30 4 * * *"
2019-11-12 00:25:41,921 INFO 62868 [egg-static] starting static serve /public/ -> /Users/lirunkai/Documents/website/server/app/public
2019-11-12 00:25:41,924 INFO 62868 [egg-security] use csrf middleware
2019-11-12 00:25:41,925 INFO 62868 [egg-security] use methodnoallow middleware
2019-11-12 00:25:41,925 INFO 62868 [egg-security] use noopen middleware
2019-11-12 00:25:41,925 INFO 62868 [egg-security] use nosniff middleware
2019-11-12 00:25:41,926 INFO 62868 [egg-security] use xssProtection middleware
2019-11-12 00:25:41,926 INFO 62868 [egg-security] use xframe middleware
2019-11-12 00:25:41,926 INFO 62868 [egg-security] use dta middleware
2019-11-12 00:25:41,926 INFO 62868 [egg-security] compose 7 middlewares into one security middleware
2019-11-12 00:25:41,935 INFO 62868 [egg:core] dump config after load, 5ms
2019-11-12 00:25:41,957 INFO 62868 [egg-watcher:application] watcher start success
2019-11-12 00:25:41,991 INFO 62868 [egg:core] dump config after ready, 4ms
2019-11-12 00:25:42,702 INFO 62875 [egg:logger] init all loggers with options: {"dir":"/Users/lirunkai/Documents/website/server/logs/server","encoding":"utf8","env":"local","level":"INFO","consoleLevel":"INFO","disableConsoleAfterReady":false,"outputJSON":false,"buffer":true,"appLogName":"server-web.log","coreLogName":"egg-web.log","agentLogName":"egg-agent.log","errorLogName":"common-error.log","coreLogger":{"consoleLevel":"WARN"},"allowDebugAtProd":false,"type":"application"}
2019-11-12 00:25:42,727 INFO 62875 [egg-multipart] file mode enable
2019-11-12 00:25:42,727 INFO 62875 [egg-multipart] will save temporary files to "/var/folders/ft/dwy4mw895mj7f2c6dl17qry00000gn/T/egg-multipart-tmp/server", cleanup job cron: "0 30 4 * * *"
2019-11-12 00:25:42,933 INFO 62875 [egg-static] starting static serve /public/ -> /Users/lirunkai/Documents/website/server/app/public
2019-11-12 00:25:42,935 INFO 62875 [egg-security] use csrf middleware
2019-11-12 00:25:42,936 INFO 62875 [egg-security] use methodnoallow middleware
2019-11-12 00:25:42,936 INFO 62875 [egg-security] use noopen middleware
2019-11-12 00:25:42,936 INFO 62875 [egg-security] use nosniff middleware
2019-11-12 00:25:42,936 INFO 62875 [egg-security] use xssProtection middleware
2019-11-12 00:25:42,937 INFO 62875 [egg-security] use xframe middleware
2019-11-12 00:25:42,937 INFO 62875 [egg-security] use dta middleware
2019-11-12 00:25:42,937 INFO 62875 [egg-security] compose 7 middlewares into one security middleware
2019-11-12 00:25:42,945 INFO 62875 [egg:core] dump config after load, 5ms
2019-11-12 00:25:42,971 INFO 62875 [egg-watcher:application] watcher start success
2019-11-12 00:25:43,006 INFO 62875 [egg:core] dump config after ready, 5ms
2019-11-12 00:25:48,701 INFO 62913 [egg:logger] init all loggers with options: {"dir":"/Users/lirunkai/Documents/website/server/logs/server","encoding":"utf8","env":"local","level":"INFO","consoleLevel":"INFO","disableConsoleAfterReady":false,"outputJSON":false,"buffer":true,"appLogName":"server-web.log","coreLogName":"egg-web.log","agentLogName":"egg-agent.log","errorLogName":"common-error.log","coreLogger":{"consoleLevel":"WARN"},"allowDebugAtProd":false,"type":"application"}
2019-11-12 00:25:48,726 INFO 62913 [egg-multipart] file mode enable
2019-11-12 00:25:48,726 INFO 62913 [egg-multipart] will save temporary files to "/var/folders/ft/dwy4mw895mj7f2c6dl17qry00000gn/T/egg-multipart-tmp/server", cleanup job cron: "0 30 4 * * *"
2019-11-12 00:25:48,934 INFO 62913 [egg-static] starting static serve /public/ -> /Users/lirunkai/Documents/website/server/app/public
2019-11-12 00:25:48,935 INFO 62913 [egg-security] use csrf middleware
2019-11-12 00:25:48,936 INFO 62913 [egg-security] use methodnoallow middleware
2019-11-12 00:25:48,936 INFO 62913 [egg-security] use noopen middleware
2019-11-12 00:25:48,936 INFO 62913 [egg-security] use nosniff middleware
2019-11-12 00:25:48,937 INFO 62913 [egg-security] use xssProtection middleware
2019-11-12 00:25:48,937 INFO 62913 [egg-security] use xframe middleware
2019-11-12 00:25:48,937 INFO 62913 [egg-security] use dta middleware
2019-11-12 00:25:48,937 INFO 62913 [egg-security] compose 7 middlewares into one security middleware
2019-11-12 00:25:48,944 INFO 62913 [egg:core] dump config after load, 4ms
2019-11-12 00:25:48,967 INFO 62913 [egg-watcher:application] watcher start success
2019-11-12 00:25:49,000 INFO 62913 [egg:core] dump config after ready, 3ms
2019-11-12 00:25:50,541 INFO 62923 [egg:logger] init all loggers with options: {"dir":"/Users/lirunkai/Documents/website/server/logs/server","encoding":"utf8","env":"local","level":"INFO","consoleLevel":"INFO","disableConsoleAfterReady":false,"outputJSON":false,"buffer":true,"appLogName":"server-web.log","coreLogName":"egg-web.log","agentLogName":"egg-agent.log","errorLogName":"common-error.log","coreLogger":{"consoleLevel":"WARN"},"allowDebugAtProd":false,"type":"application"}
2019-11-12 00:25:50,565 INFO 62923 [egg-multipart] file mode enable
2019-11-12 00:25:50,565 INFO 62923 [egg-multipart] will save temporary files to "/var/folders/ft/dwy4mw895mj7f2c6dl17qry00000gn/T/egg-multipart-tmp/server", cleanup job cron: "0 30 4 * * *"
2019-11-12 00:25:50,772 INFO 62923 [egg-static] starting static serve /public/ -> /Users/lirunkai/Documents/website/server/app/public
2019-11-12 00:25:50,774 INFO 62923 [egg-security] use csrf middleware
2019-11-12 00:25:50,775 INFO 62923 [egg-security] use methodnoallow middleware
2019-11-12 00:25:50,775 INFO 62923 [egg-security] use noopen middleware
2019-11-12 00:25:50,775 INFO 62923 [egg-security] use nosniff middleware
2019-11-12 00:25:50,775 INFO 62923 [egg-security] use xssProtection middleware
2019-11-12 00:25:50,776 INFO 62923 [egg-security] use xframe middleware
2019-11-12 00:25:50,776 INFO 62923 [egg-security] use dta middleware
2019-11-12 00:25:50,776 INFO 62923 [egg-security] compose 7 middlewares into one security middleware
2019-11-12 00:25:50,783 INFO 62923 [egg:core] dump config after load, 4ms
2019-11-12 00:25:50,808 INFO 62923 [egg-watcher:application] watcher start success
2019-11-12 00:25:50,838 INFO 62923 [egg:core] dump config after ready, 4ms
2019-11-12 00:26:01,940 INFO 62962 [egg:logger] init all loggers with options: {"dir":"/Users/lirunkai/Documents/website/server/logs/server","encoding":"utf8","env":"local","level":"INFO","consoleLevel":"INFO","disableConsoleAfterReady":false,"outputJSON":false,"buffer":true,"appLogName":"server-web.log","coreLogName":"egg-web.log","agentLogName":"egg-agent.log","errorLogName":"common-error.log","coreLogger":{"consoleLevel":"WARN"},"allowDebugAtProd":false,"type":"application"}
2019-11-12 00:26:01,965 INFO 62962 [egg-multipart] file mode enable
2019-11-12 00:26:01,965 INFO 62962 [egg-multipart] will save temporary files to "/var/folders/ft/dwy4mw895mj7f2c6dl17qry00000gn/T/egg-multipart-tmp/server", cleanup job cron: "0 30 4 * * *"
2019-11-12 00:26:02,165 INFO 62962 [egg-static] starting static serve /public/ -> /Users/lirunkai/Documents/website/server/app/public
2019-11-12 00:26:02,167 INFO 62962 [egg-security] use csrf middleware
2019-11-12 00:26:02,167 INFO 62962 [egg-security] use methodnoallow middleware
2019-11-12 00:26:02,167 INFO 62962 [egg-security] use noopen middleware
2019-11-12 00:26:02,168 INFO 62962 [egg-security] use nosniff middleware
2019-11-12 00:26:02,168 INFO 62962 [egg-security] use xssProtection middleware
2019-11-12 00:26:02,168 INFO 62962 [egg-security] use xframe middleware
2019-11-12 00:26:02,168 INFO 62962 [egg-security] use dta middleware
2019-11-12 00:26:02,168 INFO 62962 [egg-security] compose 7 middlewares into one security middleware
2019-11-12 00:26:02,176 INFO 62962 [egg:core] dump config after load, 5ms
2019-11-12 00:26:02,201 INFO 62962 [egg-watcher:application] watcher start success
2019-11-12 00:26:02,234 INFO 62962 [egg:core] dump config after ready, 4ms
2019-11-12 00:26:05,906 INFO 62978 [egg:logger] init all loggers with options: {"dir":"/Users/lirunkai/Documents/website/server/logs/server","encoding":"utf8","env":"local","level":"INFO","consoleLevel":"INFO","disableConsoleAfterReady":false,"outputJSON":false,"buffer":true,"appLogName":"server-web.log","coreLogName":"egg-web.log","agentLogName":"egg-agent.log","errorLogName":"common-error.log","coreLogger":{"consoleLevel":"WARN"},"allowDebugAtProd":false,"type":"application"}
2019-11-12 00:26:05,932 INFO 62978 [egg-multipart] file mode enable
2019-11-12 00:26:05,932 INFO 62978 [egg-multipart] will save temporary files to "/var/folders/ft/dwy4mw895mj7f2c6dl17qry00000gn/T/egg-multipart-tmp/server", cleanup job cron: "0 30 4 * * *"
2019-11-12 00:26:06,133 INFO 62978 [egg-static] starting static serve /public/ -> /Users/lirunkai/Documents/website/server/app/public
2019-11-12 00:26:06,135 INFO 62978 [egg-security] use csrf middleware
2019-11-12 00:26:06,136 INFO 62978 [egg-security] use methodnoallow middleware
2019-11-12 00:26:06,136 INFO 62978 [egg-security] use noopen middleware
2019-11-12 00:26:06,136 INFO 62978 [egg-security] use nosniff middleware
2019-11-12 00:26:06,137 INFO 62978 [egg-security] use xssProtection middleware
2019-11-12 00:26:06,137 INFO 62978 [egg-security] use xframe middleware
2019-11-12 00:26:06,137 INFO 62978 [egg-security] use dta middleware
2019-11-12 00:26:06,137 INFO 62978 [egg-security] compose 7 middlewares into one security middleware
2019-11-12 00:26:06,145 INFO 62978 [egg:core] dump config after load, 5ms
2019-11-12 00:26:06,167 INFO 62978 [egg-watcher:application] watcher start success
2019-11-12 00:26:06,201 INFO 62978 [egg:core] dump config after ready, 4ms
2019-11-12 00:26:10,234 INFO 62996 [egg:logger] init all loggers with options: {"dir":"/Users/lirunkai/Documents/website/server/logs/server","encoding":"utf8","env":"local","level":"INFO","consoleLevel":"INFO","disableConsoleAfterReady":false,"outputJSON":false,"buffer":true,"appLogName":"server-web.log","coreLogName":"egg-web.log","agentLogName":"egg-agent.log","errorLogName":"common-error.log","coreLogger":{"consoleLevel":"WARN"},"allowDebugAtProd":false,"type":"application"}
2019-11-12 00:26:10,259 INFO 62996 [egg-multipart] file mode enable
2019-11-12 00:26:10,259 INFO 62996 [egg-multipart] will save temporary files to "/var/folders/ft/dwy4mw895mj7f2c6dl17qry00000gn/T/egg-multipart-tmp/server", cleanup job cron: "0 30 4 * * *"
2019-11-12 00:26:10,464 INFO 62996 [egg-static] starting static serve /public/ -> /Users/lirunkai/Documents/website/server/app/public
2019-11-12 00:26:10,466 INFO 62996 [egg-security] use csrf middleware
2019-11-12 00:26:10,466 INFO 62996 [egg-security] use methodnoallow middleware
2019-11-12 00:26:10,466 INFO 62996 [egg-security] use noopen middleware
2019-11-12 00:26:10,467 INFO 62996 [egg-security] use nosniff middleware
2019-11-12 00:26:10,467 INFO 62996 [egg-security] use xssProtection middleware
2019-11-12 00:26:10,467 INFO 62996 [egg-security] use xframe middleware
2019-11-12 00:26:10,467 INFO 62996 [egg-security] use dta middleware
2019-11-12 00:26:10,467 INFO 62996 [egg-security] compose 7 middlewares into one security middleware
2019-11-12 00:26:10,476 INFO 62996 [egg:core] dump config after load, 6ms
2019-11-12 00:26:10,501 INFO 62996 [egg-watcher:application] watcher start success
2019-11-12 00:26:10,532 INFO 62996 [egg:core] dump config after ready, 4ms
2019-11-12 00:26:14,856 INFO 63020 [egg:logger] init all loggers with options: {"dir":"/Users/lirunkai/Documents/website/server/logs/server","encoding":"utf8","env":"local","level":"INFO","consoleLevel":"INFO","disableConsoleAfterReady":false,"outputJSON":false,"buffer":true,"appLogName":"server-web.log","coreLogName":"egg-web.log","agentLogName":"egg-agent.log","errorLogName":"common-error.log","coreLogger":{"consoleLevel":"WARN"},"allowDebugAtProd":false,"type":"application"}
2019-11-12 00:26:14,880 INFO 63020 [egg-multipart] file mode enable
2019-11-12 00:26:14,880 INFO 63020 [egg-multipart] will save temporary files to "/var/folders/ft/dwy4mw895mj7f2c6dl17qry00000gn/T/egg-multipart-tmp/server", cleanup job cron: "0 30 4 * * *"
2019-11-12 00:26:15,086 INFO 63020 [egg-static] starting static serve /public/ -> /Users/lirunkai/Documents/website/server/app/public
2019-11-12 00:26:15,088 INFO 63020 [egg-security] use csrf middleware
2019-11-12 00:26:15,088 INFO 63020 [egg-security] use methodnoallow middleware
2019-11-12 00:26:15,089 INFO 63020 [egg-security] use noopen middleware
2019-11-12 00:26:15,089 INFO 63020 [egg-security] use nosniff middleware
2019-11-12 00:26:15,089 INFO 63020 [egg-security] use xssProtection middleware
2019-11-12 00:26:15,089 INFO 63020 [egg-security] use xframe middleware
2019-11-12 00:26:15,090 INFO 63020 [egg-security] use dta middleware
2019-11-12 00:26:15,090 INFO 63020 [egg-security] compose 7 middlewares into one security middleware
2019-11-12 00:26:15,097 INFO 63020 [egg:core] dump config after load, 5ms
2019-11-12 00:26:15,119 INFO 63020 [egg-watcher:application] watcher start success
2019-11-12 00:26:15,155 INFO 63020 [egg:core] dump config after ready, 4ms
2019-11-12 00:26:18,345 INFO 63031 [egg:logger] init all loggers with options: {"dir":"/Users/lirunkai/Documents/website/server/logs/server","encoding":"utf8","env":"local","level":"INFO","consoleLevel":"INFO","disableConsoleAfterReady":false,"outputJSON":false,"buffer":true,"appLogName":"server-web.log","coreLogName":"egg-web.log","agentLogName":"egg-agent.log","errorLogName":"common-error.log","coreLogger":{"consoleLevel":"WARN"},"allowDebugAtProd":false,"type":"application"}
2019-11-12 00:26:18,370 INFO 63031 [egg-multipart] file mode enable
2019-11-12 00:26:18,370 INFO 63031 [egg-multipart] will save temporary files to "/var/folders/ft/dwy4mw895mj7f2c6dl17qry00000gn/T/egg-multipart-tmp/server", cleanup job cron: "0 30 4 * * *"
2019-11-12 00:26:18,575 INFO 63031 [egg-static] starting static serve /public/ -> /Users/lirunkai/Documents/website/server/app/public
2019-11-12 00:26:18,577 INFO 63031 [egg-security] use csrf middleware
2019-11-12 00:26:18,578 INFO 63031 [egg-security] use methodnoallow middleware
2019-11-12 00:26:18,578 INFO 63031 [egg-security] use noopen middleware
2019-11-12 00:26:18,578 INFO 63031 [egg-security] use nosniff middleware
2019-11-12 00:26:18,578 INFO 63031 [egg-security] use xssProtection middleware
2019-11-12 00:26:18,579 INFO 63031 [egg-security] use xframe middleware
2019-11-12 00:26:18,579 INFO 63031 [egg-security] use dta middleware
2019-11-12 00:26:18,579 INFO 63031 [egg-security] compose 7 middlewares into one security middleware
2019-11-12 00:26:18,586 INFO 63031 [egg:core] dump config after load, 4ms
2019-11-12 00:26:18,612 INFO 63031 [egg-watcher:application] watcher start success
2019-11-12 00:26:18,646 INFO 63031 [egg:core] dump config after ready, 4ms
2019-11-12 00:26:20,732 INFO 63049 [egg:logger] init all loggers with options: {"dir":"/Users/lirunkai/Documents/website/server/logs/server","encoding":"utf8","env":"local","level":"INFO","consoleLevel":"INFO","disableConsoleAfterReady":false,"outputJSON":false,"buffer":true,"appLogName":"server-web.log","coreLogName":"egg-web.log","agentLogName":"egg-agent.log","errorLogName":"common-error.log","coreLogger":{"consoleLevel":"WARN"},"allowDebugAtProd":false,"type":"application"}
2019-11-12 00:26:20,757 INFO 63049 [egg-multipart] file mode enable
2019-11-12 00:26:20,757 INFO 63049 [egg-multipart] will save temporary files to "/var/folders/ft/dwy4mw895mj7f2c6dl17qry00000gn/T/egg-multipart-tmp/server", cleanup job cron: "0 30 4 * * *"
2019-11-12 00:26:20,965 INFO 63049 [egg-static] starting static serve /public/ -> /Users/lirunkai/Documents/website/server/app/public
2019-11-12 00:26:20,967 INFO 63049 [egg-security] use csrf middleware
2019-11-12 00:26:20,967 INFO 63049 [egg-security] use methodnoallow middleware
2019-11-12 00:26:20,968 INFO 63049 [egg-security] use noopen middleware
2019-11-12 00:26:20,968 INFO 63049 [egg-security] use nosniff middleware
2019-11-12 00:26:20,968 INFO 63049 [egg-security] use xssProtection middleware
2019-11-12 00:26:20,968 INFO 63049 [egg-security] use xframe middleware
2019-11-12 00:26:20,969 INFO 63049 [egg-security] use dta middleware
2019-11-12 00:26:20,969 INFO 63049 [egg-security] compose 7 middlewares into one security middleware
2019-11-12 00:26:20,976 INFO 63049 [egg:core] dump config after load, 4ms
2019-11-12 00:26:21,001 INFO 63049 [egg-watcher:application] watcher start success
2019-11-12 00:26:21,037 INFO 63049 [egg:core] dump config after ready, 4ms
2019-11-12 00:26:24,841 INFO 63073 [egg:logger] init all loggers with options: {"dir":"/Users/lirunkai/Documents/website/server/logs/server","encoding":"utf8","env":"local","level":"INFO","consoleLevel":"INFO","disableConsoleAfterReady":false,"outputJSON":false,"buffer":true,"appLogName":"server-web.log","coreLogName":"egg-web.log","agentLogName":"egg-agent.log","errorLogName":"common-error.log","coreLogger":{"consoleLevel":"WARN"},"allowDebugAtProd":false,"type":"application"}
2019-11-12 00:26:24,867 INFO 63073 [egg-multipart] file mode enable
2019-11-12 00:26:24,867 INFO 63073 [egg-multipart] will save temporary files to "/var/folders/ft/dwy4mw895mj7f2c6dl17qry00000gn/T/egg-multipart-tmp/server", cleanup job cron: "0 30 4 * * *"
2019-11-12 00:26:25,080 INFO 63073 [egg-static] starting static serve /public/ -> /Users/lirunkai/Documents/website/server/app/public
2019-11-12 00:26:25,082 INFO 63073 [egg-security] use csrf middleware
2019-11-12 00:26:25,083 INFO 63073 [egg-security] use methodnoallow middleware
2019-11-12 00:26:25,083 INFO 63073 [egg-security] use noopen middleware
2019-11-12 00:26:25,083 INFO 63073 [egg-security] use nosniff middleware
2019-11-12 00:26:25,083 INFO 63073 [egg-security] use xssProtection middleware
2019-11-12 00:26:25,084 INFO 63073 [egg-security] use xframe middleware
2019-11-12 00:26:25,084 INFO 63073 [egg-security] use dta middleware
2019-11-12 00:26:25,084 INFO 63073 [egg-security] compose 7 middlewares into one security middleware
2019-11-12 00:26:25,092 INFO 63073 [egg:core] dump config after load, 5ms
2019-11-12 00:26:25,114 INFO 63073 [egg-watcher:application] watcher start success
2019-11-12 00:26:25,154 INFO 63073 [egg:core] dump config after ready, 4ms
2019-11-12 00:26:33,885 INFO 63104 [egg:logger] init all loggers with options: {"dir":"/Users/lirunkai/Documents/website/server/logs/server","encoding":"utf8","env":"local","level":"INFO","consoleLevel":"INFO","disableConsoleAfterReady":false,"outputJSON":false,"buffer":true,"appLogName":"server-web.log","coreLogName":"egg-web.log","agentLogName":"egg-agent.log","errorLogName":"common-error.log","coreLogger":{"consoleLevel":"WARN"},"allowDebugAtProd":false,"type":"application"}
2019-11-12 00:26:33,911 INFO 63104 [egg-multipart] file mode enable
2019-11-12 00:26:33,911 INFO 63104 [egg-multipart] will save temporary files to "/var/folders/ft/dwy4mw895mj7f2c6dl17qry00000gn/T/egg-multipart-tmp/server", cleanup job cron: "0 30 4 * * *"
2019-11-12 00:26:34,126 INFO 63104 [egg-static] starting static serve /public/ -> /Users/lirunkai/Documents/website/server/app/public
2019-11-12 00:26:34,128 INFO 63104 [egg-security] use csrf middleware
2019-11-12 00:26:34,128 INFO 63104 [egg-security] use methodnoallow middleware
2019-11-12 00:26:34,129 INFO 63104 [egg-security] use noopen middleware
2019-11-12 00:26:34,129 INFO 63104 [egg-security] use nosniff middleware
2019-11-12 00:26:34,129 INFO 63104 [egg-security] use xssProtection middleware
2019-11-12 00:26:34,130 INFO 63104 [egg-security] use xframe middleware
2019-11-12 00:26:34,130 INFO 63104 [egg-security] use dta middleware
2019-11-12 00:26:34,130 INFO 63104 [egg-security] compose 7 middlewares into one security middleware
2019-11-12 00:26:34,138 INFO 63104 [egg:core] dump config after load, 5ms
2019-11-12 00:26:34,167 INFO 63104 [egg-watcher:application] watcher start success
2019-11-12 00:26:34,205 INFO 63104 [egg:core] dump config after ready, 4ms
2019-11-12 00:26:37,633 INFO 63125 [egg:logger] init all loggers with options: {"dir":"/Users/lirunkai/Documents/website/server/logs/server","encoding":"utf8","env":"local","level":"INFO","consoleLevel":"INFO","disableConsoleAfterReady":false,"outputJSON":false,"buffer":true,"appLogName":"server-web.log","coreLogName":"egg-web.log","agentLogName":"egg-agent.log","errorLogName":"common-error.log","coreLogger":{"consoleLevel":"WARN"},"allowDebugAtProd":false,"type":"application"}
2019-11-12 00:26:37,657 INFO 63125 [egg-multipart] file mode enable
2019-11-12 00:26:37,657 INFO 63125 [egg-multipart] will save temporary files to "/var/folders/ft/dwy4mw895mj7f2c6dl17qry00000gn/T/egg-multipart-tmp/server", cleanup job cron: "0 30 4 * * *"
2019-11-12 00:26:37,873 INFO 63125 [egg-static] starting static serve /public/ -> /Users/lirunkai/Documents/website/server/app/public
2019-11-12 00:26:37,875 INFO 63125 [egg-security] use csrf middleware
2019-11-12 00:26:37,876 INFO 63125 [egg-security] use methodnoallow middleware
2019-11-12 00:26:37,876 INFO 63125 [egg-security] use noopen middleware
2019-11-12 00:26:37,876 INFO 63125 [egg-security] use nosniff middleware
2019-11-12 00:26:37,877 INFO 63125 [egg-security] use xssProtection middleware
2019-11-12 00:26:37,877 INFO 63125 [egg-security] use xframe middleware
2019-11-12 00:26:37,877 INFO 63125 [egg-security] use dta middleware
2019-11-12 00:26:37,877 INFO 63125 [egg-security] compose 7 middlewares into one security middleware
2019-11-12 00:26:37,885 INFO 63125 [egg:core] dump config after load, 5ms
2019-11-12 00:26:37,909 INFO 63125 [egg-watcher:application] watcher start success
2019-11-12 00:26:37,943 INFO 63125 [egg:core] dump config after ready, 4ms
2019-11-12 00:27:15,783 INFO 63196 [egg:logger] init all loggers with options: {"dir":"/Users/lirunkai/Documents/website/server/logs/server","encoding":"utf8","env":"local","level":"INFO","consoleLevel":"INFO","disableConsoleAfterReady":false,"outputJSON":false,"buffer":true,"appLogName":"server-web.log","coreLogName":"egg-web.log","agentLogName":"egg-agent.log","errorLogName":"common-error.log","coreLogger":{"consoleLevel":"WARN"},"allowDebugAtProd":false,"type":"application"}
2019-11-12 00:27:15,807 INFO 63196 [egg-multipart] file mode enable
2019-11-12 00:27:15,807 INFO 63196 [egg-multipart] will save temporary files to "/var/folders/ft/dwy4mw895mj7f2c6dl17qry00000gn/T/egg-multipart-tmp/server", cleanup job cron: "0 30 4 * * *"
2019-11-12 00:27:16,021 INFO 63196 [egg-static] starting static serve /public/ -> /Users/lirunkai/Documents/website/server/app/public
2019-11-12 00:27:16,023 INFO 63196 [egg-security] use csrf middleware
2019-11-12 00:27:16,024 INFO 63196 [egg-security] use methodnoallow middleware
2019-11-12 00:27:16,024 INFO 63196 [egg-security] use noopen middleware
2019-11-12 00:27:16,025 INFO 63196 [egg-security] use nosniff middleware
2019-11-12 00:27:16,025 INFO 63196 [egg-security] use xssProtection middleware
2019-11-12 00:27:16,025 INFO 63196 [egg-security] use xframe middleware
2019-11-12 00:27:16,026 INFO 63196 [egg-security] use dta middleware
2019-11-12 00:27:16,026 INFO 63196 [egg-security] compose 7 middlewares into one security middleware
2019-11-12 00:27:16,034 INFO 63196 [egg:core] dump config after load, 5ms
2019-11-12 00:27:16,069 INFO 63196 [egg-watcher:application] watcher start success
2019-11-12 00:27:16,091 INFO 63196 [egg:core] dump config after ready, 4ms
2019-11-12 00:27:28,505 INFO 63220 [egg:logger] init all loggers with options: {"dir":"/Users/lirunkai/Documents/website/server/logs/server","encoding":"utf8","env":"local","level":"INFO","consoleLevel":"INFO","disableConsoleAfterReady":false,"outputJSON":false,"buffer":true,"appLogName":"server-web.log","coreLogName":"egg-web.log","agentLogName":"egg-agent.log","errorLogName":"common-error.log","coreLogger":{"consoleLevel":"WARN"},"allowDebugAtProd":false,"type":"application"}
2019-11-12 00:27:28,530 INFO 63220 [egg-multipart] file mode enable
2019-11-12 00:27:28,530 INFO 63220 [egg-multipart] will save temporary files to "/var/folders/ft/dwy4mw895mj7f2c6dl17qry00000gn/T/egg-multipart-tmp/server", cleanup job cron: "0 30 4 * * *"
2019-11-12 00:27:28,738 INFO 63220 [egg-static] starting static serve /public/ -> /Users/lirunkai/Documents/website/server/app/public
2019-11-12 00:27:28,739 INFO 63220 [egg-security] use csrf middleware
2019-11-12 00:27:28,740 INFO 63220 [egg-security] use methodnoallow middleware
2019-11-12 00:27:28,740 INFO 63220 [egg-security] use noopen middleware
2019-11-12 00:27:28,740 INFO 63220 [egg-security] use nosniff middleware
2019-11-12 00:27:28,741 INFO 63220 [egg-security] use xssProtection middleware
2019-11-12 00:27:28,741 INFO 63220 [egg-security] use xframe middleware
2019-11-12 00:27:28,741 INFO 63220 [egg-security] use dta middleware
2019-11-12 00:27:28,741 INFO 63220 [egg-security] compose 7 middlewares into one security middleware
2019-11-12 00:27:28,748 INFO 63220 [egg:core] dump config after load, 4ms
2019-11-12 00:27:28,772 INFO 63220 [egg-watcher:application] watcher start success
2019-11-12 00:27:28,807 INFO 63220 [egg:core] dump config after ready, 4ms
2019-11-12 00:27:29,952 INFO 63240 [egg:logger] init all loggers with options: {"dir":"/Users/lirunkai/Documents/website/server/logs/server","encoding":"utf8","env":"local","level":"INFO","consoleLevel":"INFO","disableConsoleAfterReady":false,"outputJSON":false,"buffer":true,"appLogName":"server-web.log","coreLogName":"egg-web.log","agentLogName":"egg-agent.log","errorLogName":"common-error.log","coreLogger":{"consoleLevel":"WARN"},"allowDebugAtProd":false,"type":"application"}
2019-11-12 00:27:29,977 INFO 63240 [egg-multipart] file mode enable
2019-11-12 00:27:29,977 INFO 63240 [egg-multipart] will save temporary files to "/var/folders/ft/dwy4mw895mj7f2c6dl17qry00000gn/T/egg-multipart-tmp/server", cleanup job cron: "0 30 4 * * *"
2019-11-12 00:27:30,184 INFO 63240 [egg-static] starting static serve /public/ -> /Users/lirunkai/Documents/website/server/app/public
2019-11-12 00:27:30,186 INFO 63240 [egg-security] use csrf middleware
2019-11-12 00:27:30,187 INFO 63240 [egg-security] use methodnoallow middleware
2019-11-12 00:27:30,187 INFO 63240 [egg-security] use noopen middleware
2019-11-12 00:27:30,187 INFO 63240 [egg-security] use nosniff middleware
2019-11-12 00:27:30,188 INFO 63240 [egg-security] use xssProtection middleware
2019-11-12 00:27:30,188 INFO 63240 [egg-security] use xframe middleware
2019-11-12 00:27:30,188 INFO 63240 [egg-security] use dta middleware
2019-11-12 00:27:30,188 INFO 63240 [egg-security] compose 7 middlewares into one security middleware
2019-11-12 00:27:30,195 INFO 63240 [egg:core] dump config after load, 4ms
2019-11-12 00:27:30,215 INFO 63240 [egg-watcher:application] watcher start success
2019-11-12 00:27:30,248 INFO 63240 [egg:core] dump config after ready, 4ms
